0 info it worked if it ends with ok
1 verbose cli [ '/usr/bin/node', '/usr/bin/npm', 'run', 'build-linux' ]
2 info using npm@3.5.2
3 info using node@v8.10.0
4 verbose run-script [ 'prebuild-linux', 'build-linux', 'postbuild-linux' ]
5 info lifecycle webpack-font-face@1.0.0~prebuild-linux: webpack-font-face@1.0.0
6 silly lifecycle webpack-font-face@1.0.0~prebuild-linux: no script for prebuild-linux, continuing
7 info lifecycle webpack-font-face@1.0.0~build-linux: webpack-font-face@1.0.0
8 verbose lifecycle webpack-font-face@1.0.0~build-linux: unsafe-perm in lifecycle true
9 verbose lifecycle webpack-font-face@1.0.0~build-linux: PATH: /usr/share/npm/bin/node-gyp-bin:/home/linux/Desktop/node_modules/.bin:/home/linux/Desktop/backend_azeri_student/.venv/bin:/home/linux/.local/bin:/usr/local/sbin:/usr/local/bin:/usr/sbin:/usr/bin:/sbin:/bin:/usr/games:/usr/local/games:/snap/bin
10 verbose lifecycle webpack-font-face@1.0.0~build-linux: CWD: /home/linux/Desktop
11 silly lifecycle webpack-font-face@1.0.0~build-linux: Args: [ '-c',
11 silly lifecycle   'npm run build && cd ./build/ && cp -r . ../../../static/special_events/ && rm -rf ../../../static/special_events/*.html' ]
12 silly lifecycle webpack-font-face@1.0.0~build-linux: Returned: code: 1  signal: null
13 info lifecycle webpack-font-face@1.0.0~build-linux: Failed to exec build-linux script
14 verbose stack Error: webpack-font-face@1.0.0 build-linux: `npm run build && cd ./build/ && cp -r . ../../../static/special_events/ && rm -rf ../../../static/special_events/*.html`
14 verbose stack Exit status 1
14 verbose stack     at EventEmitter.<anonymous> (/usr/share/npm/lib/utils/lifecycle.js:232:16)
14 verbose stack     at emitTwo (events.js:126:13)
14 verbose stack     at EventEmitter.emit (events.js:214:7)
14 verbose stack     at ChildProcess.<anonymous> (/usr/share/npm/lib/utils/spawn.js:24:14)
14 verbose stack     at emitTwo (events.js:126:13)
14 verbose stack     at ChildProcess.emit (events.js:214:7)
14 verbose stack     at maybeClose (internal/child_process.js:925:16)
14 verbose stack     at Process.ChildProcess._handle.onexit (internal/child_process.js:209:5)
15 verbose pkgid webpack-font-face@1.0.0
16 verbose cwd /home/linux/Desktop/backend_azeri_student/_frontend
17 error Linux 5.0.0-37-generic
18 error argv "/usr/bin/node" "/usr/bin/npm" "run" "build-linux"
19 error node v8.10.0
20 error npm  v3.5.2
21 error code ELIFECYCLE
22 error webpack-font-face@1.0.0 build-linux: `npm run build && cd ./build/ && cp -r . ../../../static/special_events/ && rm -rf ../../../static/special_events/*.html`
22 error Exit status 1
23 error Failed at the webpack-font-face@1.0.0 build-linux script 'npm run build && cd ./build/ && cp -r . ../../../static/special_events/ && rm -rf ../../../static/special_events/*.html'.
23 error Make sure you have the latest version of node.js and npm installed.
23 error If you do, this is most likely a problem with the webpack-font-face package,
23 error not with npm itself.
23 error Tell the author that this fails on your system:
23 error     npm run build && cd ./build/ && cp -r . ../../../static/special_events/ && rm -rf ../../../static/special_events/*.html
23 error You can get information on how to open an issue for this project with:
23 error     npm bugs webpack-font-face
23 error Or if that isn't available, you can get their info via:
23 error     npm owner ls webpack-font-face
23 error There is likely additional logging output above.
24 verbose exit [ 1, true ]
